# JRE version: Java(TM) SE Runtime Environment (8.0_91-b15) (build 1.8.0_91-b15)
# Java VM: Java HotSpot(TM) 64-Bit Server VM (25.91-b15 mixed mode windows-amd64 compressed oops)
Heap:
 PSYoungGen      total 95744K, used 48548K [0x00000000d5d00000, 0x00000000dde00000, 0x0000000100000000)
  eden space 80896K, 53% used [0x00000000d5d00000,0x00000000d8702c18,0x00000000dac00000)
  from space 14848K, 37% used [0x00000000dac00000,0x00000000db1664b0,0x00000000dba80000)
  to   space 14848K, 0% used [0x00000000dcf80000,0x00000000dcf80000,0x00000000dde00000)
 ParOldGen       total 108032K, used 19392K [0x0000000081600000, 0x0000000087f80000, 0x00000000d5d00000)
  object space 108032K, 17% used [0x0000000081600000,0x00000000828f01e0,0x0000000087f80000)
 Metaspace       used 39343K, capacity 39882K, committed 40064K, reserved 1085440K
  class space    used 4804K, capacity 4904K, committed 4992K, reserved 1048576K
GC Heap History (10 events):
Event: 9.678 GC heap before
{Heap before GC invocations=7 (full 1):
 PSYoungGen      total 67072K, used 67054K [0x00000000d5d00000, 0x00000000dac80000, 0x0000000100000000)
  eden space 61952K, 100% used [0x00000000d5d00000,0x00000000d9980000,0x00000000d9980000)
  from space 5120K, 99% used [0x00000000d9d00000,0x00000000da1fbb50,0x00000000da200000)
  to   space 9728K, 0% used [0x00000000da300000,0x00000000da300000,0x00000000dac80000)
 ParOldGen       total 66560K, used 8757K [0x0000000081600000, 0x0000000085700000, 0x00000000d5d00000)
  object space 66560K, 13% used [0x0000000081600000,0x0000000081e8d5f8,0x0000000085700000)
 Metaspace       used 28860K, capacity 29280K, committed 29568K, reserved 1075200K
  class space    used 3525K, capacity 3639K, committed 3712K, reserved 1048576K
Event: 9.698 GC heap after
Heap after GC invocations=7 (full 1):
 PSYoungGen      total 71168K, used 7919K [0x00000000d5d00000, 0x00000000dc100000, 0x0000000100000000)
  eden space 61440K, 0% used [0x00000000d5d00000,0x00000000d5d00000,0x00000000d9900000)
  from space 9728K, 81% used [0x00000000da300000,0x00000000daabbca8,0x00000000dac80000)
  to   space 10240K, 0% used [0x00000000d9900000,0x00000000d9900000,0x00000000da300000)
 ParOldGen       total 66560K, used 8765K [0x0000000081600000, 0x0000000085700000, 0x00000000d5d00000)
  object space 66560K, 13% used [0x0000000081600000,0x0000000081e8f5f8,0x0000000085700000)
 Metaspace       used 28860K, capacity 29280K, committed 29568K, reserved 1075200K
  class space    used 3525K, capacity 3639K, committed 3712K, reserved 1048576K
}
Event: 11.752 GC heap before
{Heap before GC invocations=8 (full 1):
 PSYoungGen      total 71168K, used 69359K [0x00000000d5d00000, 0x00000000dc100000, 0x0000000100000000)
  eden space 61440K, 100% used [0x00000000d5d00000,0x00000000d9900000,0x00000000d9900000)
  from space 9728K, 81% used [0x00000000da300000,0x00000000daabbca8,0x00000000dac80000)
  to   space 10240K, 0% used [0x00000000d9900000,0x00000000d9900000,0x00000000da300000)
 ParOldGen       total 66560K, used 8765K [0x0000000081600000, 0x0000000085700000, 0x00000000d5d00000)
  object space 66560K, 13% used [0x0000000081600000,0x0000000081e8f5f8,0x0000000085700000)
 Metaspace       used 32416K, capacity 32842K, committed 33024K, reserved 1079296K
  class space    used 3989K, capacity 4094K, committed 4096K, reserved 1048576K
Event: 11.781 GC heap after
Heap after GC invocations=8 (full 1):
 PSYoungGen      total 71680K, used 10215K [0x00000000d5d00000, 0x00000000dc800000, 0x0000000100000000)
  eden space 61440K, 0% used [0x00000000d5d00000,0x00000000d5d00000,0x00000000d9900000)
  from space 10240K, 99% used [0x00000000d9900000,0x00000000da2f9ed0,0x00000000da300000)
  to   space 13824K, 0% used [0x00000000dba80000,0x00000000dba80000,0x00000000dc800000)
 ParOldGen       total 66560K, used 13216K [0x0000000081600000, 0x0000000085700000, 0x00000000d5d00000)
  object space 66560K, 19% used [0x0000000081600000,0x00000000822e8110,0x0000000085700000)
 Metaspace       used 32416K, capacity 32842K, committed 33024K, reserved 1079296K
  class space    used 3989K, capacity 4094K, committed 4096K, reserved 1048576K
}
Event: 12.342 GC heap before
{Heap before GC invocations=9 (full 1):
 PSYoungGen      total 71680K, used 32609K [0x00000000d5d00000, 0x00000000dc800000, 0x0000000100000000)
  eden space 61440K, 36% used [0x00000000d5d00000,0x00000000d72de890,0x00000000d9900000)
  from space 10240K, 99% used [0x00000000d9900000,0x00000000da2f9ed0,0x00000000da300000)
  to   space 13824K, 0% used [0x00000000dba80000,0x00000000dba80000,0x00000000dc800000)
 ParOldGen       total 66560K, used 13216K [0x0000000081600000, 0x0000000085700000, 0x00000000d5d00000)
  object space 66560K, 19% used [0x0000000081600000,0x00000000822e8110,0x0000000085700000)
 Metaspace       used 34910K, capacity 35306K, committed 35456K, reserved 1081344K
  class space    used 4323K, capacity 4446K, committed 4480K, reserved 1048576K
Event: 12.369 GC heap after
Heap after GC invocations=9 (full 1):
 PSYoungGen      total 94720K, used 11731K [0x00000000d5d00000, 0x00000000dd180000, 0x0000000100000000)
  eden space 80896K, 0% used [0x00000000d5d00000,0x00000000d5d00000,0x00000000dac00000)
  from space 13824K, 84% used [0x00000000dba80000,0x00000000dc5f4f28,0x00000000dc800000)
  to   space 14848K, 0% used [0x00000000dac00000,0x00000000dac00000,0x00000000dba80000)
 ParOldGen       total 66560K, used 13224K [0x0000000081600000, 0x0000000085700000, 0x00000000d5d00000)
  object space 66560K, 19% used [0x0000000081600000,0x00000000822ea110,0x0000000085700000)
 Metaspace       used 34910K, capacity 35306K, committed 35456K, reserved 1081344K
  class space    used 4323K, capacity 4446K, committed 4480K, reserved 1048576K
}
Event: 12.369 GC heap before
{Heap before GC invocations=10 (full 2):
 PSYoungGen      total 94720K, used 11731K [0x00000000d5d00000, 0x00000000dd180000, 0x0000000100000000)
  eden space 80896K, 0% used [0x00000000d5d00000,0x00000000d5d00000,0x00000000dac00000)
  from space 13824K, 84% used [0x00000000dba80000,0x00000000dc5f4f28,0x00000000dc800000)
  to   space 14848K, 0% used [0x00000000dac00000,0x00000000dac00000,0x00000000dba80000)
 ParOldGen       total 66560K, used 13224K [0x0000000081600000, 0x0000000085700000, 0x00000000d5d00000)
  object space 66560K, 19% used [0x0000000081600000,0x00000000822ea110,0x0000000085700000)
 Metaspace       used 34910K, capacity 35306K, committed 35456K, reserved 1081344K
  class space    used 4323K, capacity 4446K, committed 4480K, reserved 1048576K
Event: 12.562 GC heap after
Heap after GC invocations=10 (full 2):
 PSYoungGen      total 94720K, used 0K [0x00000000d5d00000, 0x00000000dd180000, 0x0000000100000000)
  eden space 80896K, 0% used [0x00000000d5d00000,0x00000000d5d00000,0x00000000dac00000)
  from space 13824K, 0% used [0x00000000dba80000,0x00000000dba80000,0x00000000dc800000)
  to   space 14848K, 0% used [0x00000000dac00000,0x00000000dac00000,0x00000000dba80000)
 ParOldGen       total 108032K, used 19392K [0x0000000081600000, 0x0000000087f80000, 0x00000000d5d00000)
  object space 108032K, 17% used [0x0000000081600000,0x00000000828f01e0,0x0000000087f80000)
 Metaspace       used 34910K, capacity 35306K, committed 35456K, reserved 1081344K
  class space    used 4323K, capacity 4446K, committed 4480K, reserved 1048576K
}
Event: 14.842 GC heap before
{Heap before GC invocations=11 (full 2):
 PSYoungGen      total 94720K, used 80896K [0x00000000d5d00000, 0x00000000dd180000, 0x0000000100000000)
  eden space 80896K, 100% used [0x00000000d5d00000,0x00000000dac00000,0x00000000dac00000)
  from space 13824K, 0% used [0x00000000dba80000,0x00000000dba80000,0x00000000dc800000)
  to   space 14848K, 0% used [0x00000000dac00000,0x00000000dac00000,0x00000000dba80000)
 ParOldGen       total 108032K, used 19392K [0x0000000081600000, 0x0000000087f80000, 0x00000000d5d00000)
  object space 108032K, 17% used [0x0000000081600000,0x00000000828f01e0,0x0000000087f80000)
 Metaspace       used 37193K, capacity 37690K, committed 38016K, reserved 1083392K
  class space    used 4608K, capacity 4726K, committed 4736K, reserved 1048576K
Event: 14.874 GC heap after
Heap after GC invocations=11 (full 2):
 PSYoungGen      total 95744K, used 5529K [0x00000000d5d00000, 0x00000000dde00000, 0x0000000100000000)
  eden space 80896K, 0% used [0x00000000d5d00000,0x00000000d5d00000,0x00000000dac00000)
  from space 14848K, 37% used [0x00000000dac00000,0x00000000db1664b0,0x00000000dba80000)
  to   space 14848K, 0% used [0x00000000dcf80000,0x00000000dcf80000,0x00000000dde00000)
 ParOldGen       total 108032K, used 19392K [0x0000000081600000, 0x0000000087f80000, 0x00000000d5d00000)
  object space 108032K, 17% used [0x0000000081600000,0x00000000828f01e0,0x0000000087f80000)
 Metaspace       used 37193K, capacity 37690K, committed 38016K, reserved 1083392K
  class space    used 4608K, capacity 4726K, committed 4736K, reserved 1048576K
}

